  ipc_ms4.c
c:\users\justin\documents\visual studio 2015\projects\ipc144\milestone 4\milestone 4\ipc_ms4.c(56): warning C4244: 'initializing': conversion from 'double' to 'const int', possible loss of data
c:\users\justin\documents\visual studio 2015\projects\ipc144\milestone 4\milestone 4\ipc_ms4.c(75): warning C4996: 'scanf': This function or variable may be unsafe. Consider using scanf_s instead. To disable deprecation, use _CRT_SECURE_NO_WARNINGS. See online help for details.
  c:\program files (x86)\windows kits\10\include\10.0.10240.0\ucrt\stdio.h(1270): note: see declaration of 'scanf'
c:\users\justin\documents\visual studio 2015\projects\ipc144\milestone 4\milestone 4\ipc_ms4.c(88): warning C4996: 'scanf': This function or variable may be unsafe. Consider using scanf_s instead. To disable deprecation, use _CRT_SECURE_NO_WARNINGS. See online help for details.
  c:\program files (x86)\windows kits\10\include\10.0.10240.0\ucrt\stdio.h(1270): note: see declaration of 'scanf'
c:\users\justin\documents\visual studio 2015\projects\ipc144\milestone 4\milestone 4\ipc_ms4.c(106): warning C4996: 'scanf': This function or variable may be unsafe. Consider using scanf_s instead. To disable deprecation, use _CRT_SECURE_NO_WARNINGS. See online help for details.
  c:\program files (x86)\windows kits\10\include\10.0.10240.0\ucrt\stdio.h(1270): note: see declaration of 'scanf'
c:\users\justin\documents\visual studio 2015\projects\ipc144\milestone 4\milestone 4\ipc_ms4.c(120): warning C4996: 'scanf': This function or variable may be unsafe. Consider using scanf_s instead. To disable deprecation, use _CRT_SECURE_NO_WARNINGS. See online help for details.
  c:\program files (x86)\windows kits\10\include\10.0.10240.0\ucrt\stdio.h(1270): note: see declaration of 'scanf'
c:\users\justin\documents\visual studio 2015\projects\ipc144\milestone 4\milestone 4\ipc_ms4.c(123): warning C4996: 'scanf': This function or variable may be unsafe. Consider using scanf_s instead. To disable deprecation, use _CRT_SECURE_NO_WARNINGS. See online help for details.
  c:\program files (x86)\windows kits\10\include\10.0.10240.0\ucrt\stdio.h(1270): note: see declaration of 'scanf'
c:\users\justin\documents\visual studio 2015\projects\ipc144\milestone 4\milestone 4\ipc_ms4.c(130): warning C4996: 'scanf': This function or variable may be unsafe. Consider using scanf_s instead. To disable deprecation, use _CRT_SECURE_NO_WARNINGS. See online help for details.
  c:\program files (x86)\windows kits\10\include\10.0.10240.0\ucrt\stdio.h(1270): note: see declaration of 'scanf'
c:\users\justin\documents\visual studio 2015\projects\ipc144\milestone 4\milestone 4\ipc_ms4.c(133): warning C4996: 'scanf': This function or variable may be unsafe. Consider using scanf_s instead. To disable deprecation, use _CRT_SECURE_NO_WARNINGS. See online help for details.
  c:\program files (x86)\windows kits\10\include\10.0.10240.0\ucrt\stdio.h(1270): note: see declaration of 'scanf'
c:\users\justin\documents\visual studio 2015\projects\ipc144\milestone 4\milestone 4\ipc_ms4.c(143): warning C4013: 'toupper' undefined; assuming extern returning int
c:\users\justin\documents\visual studio 2015\projects\ipc144\milestone 4\milestone 4\ipc_ms4.c(141): warning C4996: 'scanf': This function or variable may be unsafe. Consider using scanf_s instead. To disable deprecation, use _CRT_SECURE_NO_WARNINGS. See online help for details.
  c:\program files (x86)\windows kits\10\include\10.0.10240.0\ucrt\stdio.h(1270): note: see declaration of 'scanf'
c:\users\justin\documents\visual studio 2015\projects\ipc144\milestone 4\milestone 4\ipc_ms4.c(155): warning C4996: 'scanf': This function or variable may be unsafe. Consider using scanf_s instead. To disable deprecation, use _CRT_SECURE_NO_WARNINGS. See online help for details.
  c:\program files (x86)\windows kits\10\include\10.0.10240.0\ucrt\stdio.h(1270): note: see declaration of 'scanf'
c:\users\justin\documents\visual studio 2015\projects\ipc144\milestone 4\milestone 4\ipc_ms4.c(266): warning C4996: 'scanf': This function or variable may be unsafe. Consider using scanf_s instead. To disable deprecation, use _CRT_SECURE_NO_WARNINGS. See online help for details.
  c:\program files (x86)\windows kits\10\include\10.0.10240.0\ucrt\stdio.h(1270): note: see declaration of 'scanf'
c:\users\justin\documents\visual studio 2015\projects\ipc144\milestone 4\milestone 4\ipc_ms4.c(325): warning C4047: 'function': 'int *' differs in levels of indirection from 'int **'
c:\users\justin\documents\visual studio 2015\projects\ipc144\milestone 4\milestone 4\ipc_ms4.c(325): warning C4024: 'locateItem': different types for formal and actual parameter 4
c:\users\justin\documents\visual studio 2015\projects\ipc144\milestone 4\milestone 4\ipc_ms4.c(326): warning C4047: '=': 'int' differs in levels of indirection from 'int *'
c:\users\justin\documents\visual studio 2015\projects\ipc144\milestone 4\milestone 4\ipc_ms4.c(323): warning C4996: 'scanf': This function or variable may be unsafe. Consider using scanf_s instead. To disable deprecation, use _CRT_SECURE_NO_WARNINGS. See online help for details.
  c:\program files (x86)\windows kits\10\include\10.0.10240.0\ucrt\stdio.h(1270): note: see declaration of 'scanf'
c:\users\justin\documents\visual studio 2015\projects\ipc144\milestone 4\milestone 4\ipc_ms4.c(379): warning C4996: 'scanf': This function or variable may be unsafe. Consider using scanf_s instead. To disable deprecation, use _CRT_SECURE_NO_WARNINGS. See online help for details.
  c:\program files (x86)\windows kits\10\include\10.0.10240.0\ucrt\stdio.h(1270): note: see declaration of 'scanf'
c:\users\justin\documents\visual studio 2015\projects\ipc144\milestone 4\milestone 4\ipc_ms4.c(406): warning C4996: 'scanf': This function or variable may be unsafe. Consider using scanf_s instead. To disable deprecation, use _CRT_SECURE_NO_WARNINGS. See online help for details.
  c:\program files (x86)\windows kits\10\include\10.0.10240.0\ucrt\stdio.h(1270): note: see declaration of 'scanf'
  Milestone 4.vcxproj -> c:\users\justin\documents\visual studio 2015\Projects\IPC144\Milestone 4\Debug\Milestone 4.exe
