  piggybank.c
c:\users\justin\documents\visual studio 2015\projects\consoleapplication4\consoleapplication4\piggybank.c(27): warning C4244: '=': conversion from 'float' to 'int', possible loss of data
c:\users\justin\documents\visual studio 2015\projects\consoleapplication4\consoleapplication4\piggybank.c(29): warning C4244: '=': conversion from 'float' to 'int', possible loss of data
c:\users\justin\documents\visual studio 2015\projects\consoleapplication4\consoleapplication4\piggybank.c(31): warning C4244: '=': conversion from 'float' to 'int', possible loss of data
c:\users\justin\documents\visual studio 2015\projects\consoleapplication4\consoleapplication4\piggybank.c(33): warning C4244: '=': conversion from 'float' to 'int', possible loss of data
c:\users\justin\documents\visual studio 2015\projects\consoleapplication4\consoleapplication4\piggybank.c(43): warning C4013: 'system' undefined; assuming extern returning int
c:\users\justin\documents\visual studio 2015\projects\consoleapplication4\consoleapplication4\piggybank.c(11): warning C4996: 'scanf': This function or variable may be unsafe. Consider using scanf_s instead. To disable deprecation, use _CRT_SECURE_NO_WARNINGS. See online help for details.
  c:\program files (x86)\windows kits\10\include\10.0.10240.0\ucrt\stdio.h(1270): note: see declaration of 'scanf'
c:\users\justin\documents\visual studio 2015\projects\consoleapplication4\consoleapplication4\piggybank.c(13): warning C4996: 'scanf': This function or variable may be unsafe. Consider using scanf_s instead. To disable deprecation, use _CRT_SECURE_NO_WARNINGS. See online help for details.
  c:\program files (x86)\windows kits\10\include\10.0.10240.0\ucrt\stdio.h(1270): note: see declaration of 'scanf'
c:\users\justin\documents\visual studio 2015\projects\consoleapplication4\consoleapplication4\piggybank.c(15): warning C4996: 'scanf': This function or variable may be unsafe. Consider using scanf_s instead. To disable deprecation, use _CRT_SECURE_NO_WARNINGS. See online help for details.
  c:\program files (x86)\windows kits\10\include\10.0.10240.0\ucrt\stdio.h(1270): note: see declaration of 'scanf'
c:\users\justin\documents\visual studio 2015\projects\consoleapplication4\consoleapplication4\piggybank.c(17): warning C4996: 'scanf': This function or variable may be unsafe. Consider using scanf_s instead. To disable deprecation, use _CRT_SECURE_NO_WARNINGS. See online help for details.
  c:\program files (x86)\windows kits\10\include\10.0.10240.0\ucrt\stdio.h(1270): note: see declaration of 'scanf'
c:\users\justin\documents\visual studio 2015\projects\consoleapplication4\consoleapplication4\piggybank.c(19): warning C4996: 'scanf': This function or variable may be unsafe. Consider using scanf_s instead. To disable deprecation, use _CRT_SECURE_NO_WARNINGS. See online help for details.
  c:\program files (x86)\windows kits\10\include\10.0.10240.0\ucrt\stdio.h(1270): note: see declaration of 'scanf'
c:\users\justin\documents\visual studio 2015\projects\consoleapplication4\consoleapplication4\piggybank.c(21): warning C4996: 'scanf': This function or variable may be unsafe. Consider using scanf_s instead. To disable deprecation, use _CRT_SECURE_NO_WARNINGS. See online help for details.
  c:\program files (x86)\windows kits\10\include\10.0.10240.0\ucrt\stdio.h(1270): note: see declaration of 'scanf'
c:\users\justin\documents\visual studio 2015\projects\consoleapplication4\consoleapplication4\piggybank.c(23): warning C4244: 'initializing': conversion from 'double' to 'float', possible loss of data
  ConsoleApplication4.vcxproj -> c:\users\justin\documents\visual studio 2015\Projects\ConsoleApplication4\Debug\ConsoleApplication4.exe
